<?xml version="1.0" encoding="UTF-8"?>
<!-- Generated by org.testng.reporters.JUnitReportReporter -->
<testsuite hostname="DESKTOP-QOHGKAQ" failures="0" tests="1" name="TestCase.ValidTestProductSearch" time="14.452" errors="0" timestamp="2023-02-08T17:43:13 IST" skipped="0">
  <testcase classname="TestCase.ValidTestProductSearch" name="Valid_Test_ProductSearch" time="14.452"/>
  <system-out/>
</testsuite> <!-- TestCase.ValidTestProductSearch -->
