<?xml version="1.0" encoding="UTF-8"?>
<!-- Generated by org.testng.reporters.JUnitReportReporter -->
<testsuite hostname="DESKTOP-QOHGKAQ" failures="0" tests="1" name="TestCase.VerifyClearCart" time="18.291" errors="0" timestamp="2023-02-08T17:43:13 IST" skipped="0">
  <testcase classname="TestCase.VerifyClearCart" name="Verify_Clear_Cart" time="18.291"/>
  <system-out/>
</testsuite> <!-- TestCase.VerifyClearCart -->
